2018-11-27 09:28:46.036  INFO 6528 --- [main] r.SpringBootRestApiCrudApplicationTests  : Starting SpringBootRestApiCrudApplicationTests on RXITM144 with PID 6528 (started by aqili in C:\Users\AqilI\Dropbox\New folder\spring-boot-rest-api-crud)
2018-11-27 09:28:46.037  INFO 6528 --- [main] r.SpringBootRestApiCrudApplicationTests  : No active profile set, falling back to default profiles: default
2018-11-27 09:28:46.677  INFO 6528 --- [main] .s.d.r.c.RepositoryConfigurationDelegate : Bootstrapping Spring Data repositories in DEFAULT mode.
2018-11-27 09:28:46.745  INFO 6528 --- [main] .s.d.r.c.RepositoryConfigurationDelegate : Finished Spring Data repository scanning in 61ms. Found 1 repository interfaces.
2018-11-27 09:28:47.152  INFO 6528 --- [main] trationDelegate$BeanPostProcessorChecker : Bean 'org.springframework.transaction.annotation.ProxyTransactionManagementConfiguration' of type [org.springframework.transaction.annotation.ProxyTransactionManagementConfiguration$$EnhancerBySpringCGLIB$$e056b3da] is not eligible for getting processed by all BeanPostProcessors (for example: not eligible for auto-proxying)
2018-11-27 09:28:47.419  INFO 6528 --- [main] com.zaxxer.hikari.HikariDataSource       : HikariPool-1 - Starting...
2018-11-27 09:28:47.714  INFO 6528 --- [main] com.zaxxer.hikari.HikariDataSource       : HikariPool-1 - Start completed.
2018-11-27 09:28:47.838  INFO 6528 --- [main] o.hibernate.jpa.internal.util.LogHelper  : HHH000204: Processing PersistenceUnitInfo [
	name: default
	...]
2018-11-27 09:28:47.938  INFO 6528 --- [main] org.hibernate.Version                    : HHH000412: Hibernate Core {5.3.7.Final}
2018-11-27 09:28:47.939  INFO 6528 --- [main] org.hibernate.cfg.Environment            : HHH000206: hibernate.properties not found
2018-11-27 09:28:48.138  INFO 6528 --- [main] o.hibernate.annotations.common.Version   : HCANN000001: Hibernate Commons Annotations {5.0.4.Final}
2018-11-27 09:28:48.349  INFO 6528 --- [main] org.hibernate.dialect.Dialect            : HHH000400: Using dialect: org.hibernate.dialect.MySQL5InnoDBDialect
2018-11-27 09:28:49.088  INFO 6528 --- [main] j.LocalContainerEntityManagerFactoryBean : Initialized JPA EntityManagerFactory for persistence unit 'default'
2018-11-27 09:28:49.972  INFO 6528 --- [main] o.s.s.concurrent.ThreadPoolTaskExecutor  : Initializing ExecutorService 'applicationTaskExecutor'
2018-11-27 09:28:50.030  WARN 6528 --- [main] aWebConfiguration$JpaWebMvcConfiguration : spring.jpa.open-in-view is enabled by default. Therefore, database queries may be performed during view rendering. Explicitly configure spring.jpa.open-in-view to disable this warning
2018-11-27 09:28:50.351  INFO 6528 --- [main] r.SpringBootRestApiCrudApplicationTests  : Started SpringBootRestApiCrudApplicationTests in 4.674 seconds (JVM running for 6.235)
2018-11-27 09:28:50.461  INFO 6528 --- [Thread-3] o.s.s.concurrent.ThreadPoolTaskExecutor  : Shutting down ExecutorService 'applicationTaskExecutor'
2018-11-27 09:28:50.461  INFO 6528 --- [Thread-3] j.LocalContainerEntityManagerFactoryBean : Closing JPA EntityManagerFactory for persistence unit 'default'
2018-11-27 09:28:50.461  INFO 6528 --- [Thread-3] com.zaxxer.hikari.HikariDataSource       : HikariPool-1 - Shutdown initiated...
2018-11-27 09:28:50.462  INFO 6528 --- [Thread-3] com.zaxxer.hikari.HikariDataSource       : HikariPool-1 - Shutdown completed.
2018-11-27 10:02:46.087  INFO 7180 --- [main] r.SpringBootRestApiCrudApplicationTests  : Starting SpringBootRestApiCrudApplicationTests on RXITM144 with PID 7180 (started by aqili in C:\Users\AqilI\Dropbox\New folder\spring-boot-rest-api-crud)
2018-11-27 10:02:46.089  INFO 7180 --- [main] r.SpringBootRestApiCrudApplicationTests  : No active profile set, falling back to default profiles: default
2018-11-27 10:02:47.176  INFO 7180 --- [main] .s.d.r.c.RepositoryConfigurationDelegate : Bootstrapping Spring Data repositories in DEFAULT mode.
2018-11-27 10:02:47.249  INFO 7180 --- [main] .s.d.r.c.RepositoryConfigurationDelegate : Finished Spring Data repository scanning in 65ms. Found 1 repository interfaces.
2018-11-27 10:02:47.705  INFO 7180 --- [main] trationDelegate$BeanPostProcessorChecker : Bean 'org.springframework.transaction.annotation.ProxyTransactionManagementConfiguration' of type [org.springframework.transaction.annotation.ProxyTransactionManagementConfiguration$$EnhancerBySpringCGLIB$$a5b6fb08] is not eligible for getting processed by all BeanPostProcessors (for example: not eligible for auto-proxying)
2018-11-27 10:02:48.010  INFO 7180 --- [main] com.zaxxer.hikari.HikariDataSource       : HikariPool-1 - Starting...
2018-11-27 10:02:48.254  INFO 7180 --- [main] com.zaxxer.hikari.HikariDataSource       : HikariPool-1 - Start completed.
2018-11-27 10:02:48.322  INFO 7180 --- [main] o.hibernate.jpa.internal.util.LogHelper  : HHH000204: Processing PersistenceUnitInfo [
	name: default
	...]
2018-11-27 10:02:48.388  INFO 7180 --- [main] org.hibernate.Version                    : HHH000412: Hibernate Core {5.3.7.Final}
2018-11-27 10:02:48.389  INFO 7180 --- [main] org.hibernate.cfg.Environment            : HHH000206: hibernate.properties not found
2018-11-27 10:02:48.519  INFO 7180 --- [main] o.hibernate.annotations.common.Version   : HCANN000001: Hibernate Commons Annotations {5.0.4.Final}
2018-11-27 10:02:48.700  INFO 7180 --- [main] org.hibernate.dialect.Dialect            : HHH000400: Using dialect: org.hibernate.dialect.MySQL5InnoDBDialect
2018-11-27 10:02:49.340  INFO 7180 --- [main] j.LocalContainerEntityManagerFactoryBean : Initialized JPA EntityManagerFactory for persistence unit 'default'
2018-11-27 10:02:50.172  INFO 7180 --- [main] o.s.s.concurrent.ThreadPoolTaskExecutor  : Initializing ExecutorService 'applicationTaskExecutor'
2018-11-27 10:02:50.229  WARN 7180 --- [main] aWebConfiguration$JpaWebMvcConfiguration : spring.jpa.open-in-view is enabled by default. Therefore, database queries may be performed during view rendering. Explicitly configure spring.jpa.open-in-view to disable this warning
2018-11-27 10:02:51.148  INFO 7180 --- [main] o.s.b.a.e.web.EndpointLinksResolver      : Exposing 2 endpoint(s) beneath base path '/actuator'
2018-11-27 10:02:51.209  INFO 7180 --- [main] r.SpringBootRestApiCrudApplicationTests  : Started SpringBootRestApiCrudApplicationTests in 5.451 seconds (JVM running for 6.39)
2018-11-27 10:02:51.447  INFO 7180 --- [Thread-5] o.s.s.concurrent.ThreadPoolTaskExecutor  : Shutting down ExecutorService 'applicationTaskExecutor'
2018-11-27 10:02:51.448  INFO 7180 --- [Thread-5] j.LocalContainerEntityManagerFactoryBean : Closing JPA EntityManagerFactory for persistence unit 'default'
2018-11-27 10:02:51.451  INFO 7180 --- [Thread-5] com.zaxxer.hikari.HikariDataSource       : HikariPool-1 - Shutdown initiated...
2018-11-27 10:02:51.454  INFO 7180 --- [Thread-5] com.zaxxer.hikari.HikariDataSource       : HikariPool-1 - Shutdown completed.
2018-11-27 10:07:01.461  INFO 13448 --- [main] r.SpringBootRestApiCrudApplicationTests  : Starting SpringBootRestApiCrudApplicationTests on RXITM144 with PID 13448 (started by aqili in C:\Users\AqilI\Dropbox\New folder\spring-boot-rest-api-crud)
2018-11-27 10:07:01.463  INFO 13448 --- [main] r.SpringBootRestApiCrudApplicationTests  : No active profile set, falling back to default profiles: default
2018-11-27 10:07:02.537  INFO 13448 --- [main] .s.d.r.c.RepositoryConfigurationDelegate : Bootstrapping Spring Data repositories in DEFAULT mode.
2018-11-27 10:07:02.614  INFO 13448 --- [main] .s.d.r.c.RepositoryConfigurationDelegate : Finished Spring Data repository scanning in 69ms. Found 1 repository interfaces.
2018-11-27 10:07:03.042  INFO 13448 --- [main] trationDelegate$BeanPostProcessorChecker : Bean 'org.springframework.transaction.annotation.ProxyTransactionManagementConfiguration' of type [org.springframework.transaction.annotation.ProxyTransactionManagementConfiguration$$EnhancerBySpringCGLIB$$bb5e5a30] is not eligible for getting processed by all BeanPostProcessors (for example: not eligible for auto-proxying)
2018-11-27 10:07:03.233  INFO 13448 --- [main] com.zaxxer.hikari.HikariDataSource       : HikariPool-1 - Starting...
2018-11-27 10:07:03.442  INFO 13448 --- [main] com.zaxxer.hikari.HikariDataSource       : HikariPool-1 - Start completed.
2018-11-27 10:07:03.494  INFO 13448 --- [main] o.hibernate.jpa.internal.util.LogHelper  : HHH000204: Processing PersistenceUnitInfo [
	name: default
	...]
2018-11-27 10:07:03.551  INFO 13448 --- [main] org.hibernate.Version                    : HHH000412: Hibernate Core {5.3.7.Final}
2018-11-27 10:07:03.552  INFO 13448 --- [main] org.hibernate.cfg.Environment            : HHH000206: hibernate.properties not found
2018-11-27 10:07:03.675  INFO 13448 --- [main] o.hibernate.annotations.common.Version   : HCANN000001: Hibernate Commons Annotations {5.0.4.Final}
2018-11-27 10:07:03.861  INFO 13448 --- [main] org.hibernate.dialect.Dialect            : HHH000400: Using dialect: org.hibernate.dialect.MySQL5InnoDBDialect
2018-11-27 10:07:04.369  INFO 13448 --- [main] j.LocalContainerEntityManagerFactoryBean : Initialized JPA EntityManagerFactory for persistence unit 'default'
2018-11-27 10:07:05.195  INFO 13448 --- [main] o.s.s.concurrent.ThreadPoolTaskExecutor  : Initializing ExecutorService 'applicationTaskExecutor'
2018-11-27 10:07:05.251  WARN 13448 --- [main] aWebConfiguration$JpaWebMvcConfiguration : spring.jpa.open-in-view is enabled by default. Therefore, database queries may be performed during view rendering. Explicitly configure spring.jpa.open-in-view to disable this warning
2018-11-27 10:07:06.170  INFO 13448 --- [main] o.s.b.a.e.web.EndpointLinksResolver      : Exposing 2 endpoint(s) beneath base path '/actuator'
2018-11-27 10:07:06.228  INFO 13448 --- [main] r.SpringBootRestApiCrudApplicationTests  : Started SpringBootRestApiCrudApplicationTests in 5.122 seconds (JVM running for 6.044)
2018-11-27 10:07:06.431  INFO 13448 --- [Thread-5] o.s.s.concurrent.ThreadPoolTaskExecutor  : Shutting down ExecutorService 'applicationTaskExecutor'
2018-11-27 10:07:06.432  INFO 13448 --- [Thread-5] j.LocalContainerEntityManagerFactoryBean : Closing JPA EntityManagerFactory for persistence unit 'default'
2018-11-27 10:07:06.434  INFO 13448 --- [Thread-5] com.zaxxer.hikari.HikariDataSource       : HikariPool-1 - Shutdown initiated...
2018-11-27 10:07:06.438  INFO 13448 --- [Thread-5] com.zaxxer.hikari.HikariDataSource       : HikariPool-1 - Shutdown completed.
2018-11-27 10:10:10.196  INFO 14224 --- [main] r.SpringBootRestApiCrudApplicationTests  : Starting SpringBootRestApiCrudApplicationTests on RXITM144 with PID 14224 (started by aqili in C:\Users\AqilI\Dropbox\New folder\spring-boot-rest-api-crud)
2018-11-27 10:10:10.201  INFO 14224 --- [main] r.SpringBootRestApiCrudApplicationTests  : No active profile set, falling back to default profiles: default
2018-11-27 10:10:11.463  INFO 14224 --- [main] .s.d.r.c.RepositoryConfigurationDelegate : Bootstrapping Spring Data repositories in DEFAULT mode.
2018-11-27 10:10:11.543  INFO 14224 --- [main] .s.d.r.c.RepositoryConfigurationDelegate : Finished Spring Data repository scanning in 71ms. Found 1 repository interfaces.
2018-11-27 10:10:12.039  INFO 14224 --- [main] trationDelegate$BeanPostProcessorChecker : Bean 'org.springframework.transaction.annotation.ProxyTransactionManagementConfiguration' of type [org.springframework.transaction.annotation.ProxyTransactionManagementConfiguration$$EnhancerBySpringCGLIB$$1431c27c] is not eligible for getting processed by all BeanPostProcessors (for example: not eligible for auto-proxying)
2018-11-27 10:10:12.299  INFO 14224 --- [main] com.zaxxer.hikari.HikariDataSource       : HikariPool-1 - Starting...
2018-11-27 10:10:12.514  INFO 14224 --- [main] com.zaxxer.hikari.HikariDataSource       : HikariPool-1 - Start completed.
2018-11-27 10:10:12.567  INFO 14224 --- [main] o.hibernate.jpa.internal.util.LogHelper  : HHH000204: Processing PersistenceUnitInfo [
	name: default
	...]
2018-11-27 10:10:12.631  INFO 14224 --- [main] org.hibernate.Version                    : HHH000412: Hibernate Core {5.3.7.Final}
2018-11-27 10:10:12.633  INFO 14224 --- [main] org.hibernate.cfg.Environment            : HHH000206: hibernate.properties not found
2018-11-27 10:10:12.790  INFO 14224 --- [main] o.hibernate.annotations.common.Version   : HCANN000001: Hibernate Commons Annotations {5.0.4.Final}
2018-11-27 10:10:13.030  INFO 14224 --- [main] org.hibernate.dialect.Dialect            : HHH000400: Using dialect: org.hibernate.dialect.MySQL5InnoDBDialect
2018-11-27 10:10:13.675  INFO 14224 --- [main] j.LocalContainerEntityManagerFactoryBean : Initialized JPA EntityManagerFactory for persistence unit 'default'
2018-11-27 10:10:14.591  INFO 14224 --- [main] o.s.s.concurrent.ThreadPoolTaskExecutor  : Initializing ExecutorService 'applicationTaskExecutor'
2018-11-27 10:10:14.652  WARN 14224 --- [main] aWebConfiguration$JpaWebMvcConfiguration : spring.jpa.open-in-view is enabled by default. Therefore, database queries may be performed during view rendering. Explicitly configure spring.jpa.open-in-view to disable this warning
2018-11-27 10:10:15.575  INFO 14224 --- [main] o.s.b.a.e.web.EndpointLinksResolver      : Exposing 16 endpoint(s) beneath base path '/actuator'
2018-11-27 10:10:15.637  INFO 14224 --- [main] r.SpringBootRestApiCrudApplicationTests  : Started SpringBootRestApiCrudApplicationTests in 5.792 seconds (JVM running for 6.782)
2018-11-27 10:10:15.866  INFO 14224 --- [Thread-5] o.s.s.concurrent.ThreadPoolTaskExecutor  : Shutting down ExecutorService 'applicationTaskExecutor'
2018-11-27 10:10:15.867  INFO 14224 --- [Thread-5] j.LocalContainerEntityManagerFactoryBean : Closing JPA EntityManagerFactory for persistence unit 'default'
2018-11-27 10:10:15.870  INFO 14224 --- [Thread-5] com.zaxxer.hikari.HikariDataSource       : HikariPool-1 - Shutdown initiated...
2018-11-27 10:10:15.875  INFO 14224 --- [Thread-5] com.zaxxer.hikari.HikariDataSource       : HikariPool-1 - Shutdown completed.
2018-11-27 10:11:32.766  INFO 11712 --- [main] r.SpringBootRestApiCrudApplicationTests  : Starting SpringBootRestApiCrudApplicationTests on RXITM144 with PID 11712 (started by aqili in C:\Users\AqilI\Dropbox\New folder\spring-boot-rest-api-crud)
2018-11-27 10:11:32.768  INFO 11712 --- [main] r.SpringBootRestApiCrudApplicationTests  : No active profile set, falling back to default profiles: default
2018-11-27 10:11:33.826  INFO 11712 --- [main] .s.d.r.c.RepositoryConfigurationDelegate : Bootstrapping Spring Data repositories in DEFAULT mode.
2018-11-27 10:11:33.905  INFO 11712 --- [main] .s.d.r.c.RepositoryConfigurationDelegate : Finished Spring Data repository scanning in 69ms. Found 1 repository interfaces.
2018-11-27 10:11:34.335  INFO 11712 --- [main] trationDelegate$BeanPostProcessorChecker : Bean 'org.springframework.transaction.annotation.ProxyTransactionManagementConfiguration' of type [org.springframework.transaction.annotation.ProxyTransactionManagementConfiguration$$EnhancerBySpringCGLIB$$bb5e5a30] is not eligible for getting processed by all BeanPostProcessors (for example: not eligible for auto-proxying)
2018-11-27 10:11:34.559  INFO 11712 --- [main] com.zaxxer.hikari.HikariDataSource       : HikariPool-1 - Starting...
2018-11-27 10:11:34.766  INFO 11712 --- [main] com.zaxxer.hikari.HikariDataSource       : HikariPool-1 - Start completed.
2018-11-27 10:11:34.816  INFO 11712 --- [main] o.hibernate.jpa.internal.util.LogHelper  : HHH000204: Processing PersistenceUnitInfo [
	name: default
	...]
2018-11-27 10:11:34.877  INFO 11712 --- [main] org.hibernate.Version                    : HHH000412: Hibernate Core {5.3.7.Final}
2018-11-27 10:11:34.879  INFO 11712 --- [main] org.hibernate.cfg.Environment            : HHH000206: hibernate.properties not found
2018-11-27 10:11:35.006  INFO 11712 --- [main] o.hibernate.annotations.common.Version   : HCANN000001: Hibernate Commons Annotations {5.0.4.Final}
2018-11-27 10:11:35.179  INFO 11712 --- [main] org.hibernate.dialect.Dialect            : HHH000400: Using dialect: org.hibernate.dialect.MySQL5InnoDBDialect
2018-11-27 10:11:35.720  INFO 11712 --- [main] j.LocalContainerEntityManagerFactoryBean : Initialized JPA EntityManagerFactory for persistence unit 'default'
2018-11-27 10:11:36.637  INFO 11712 --- [main] o.s.s.concurrent.ThreadPoolTaskExecutor  : Initializing ExecutorService 'applicationTaskExecutor'
2018-11-27 10:11:36.705  WARN 11712 --- [main] aWebConfiguration$JpaWebMvcConfiguration : spring.jpa.open-in-view is enabled by default. Therefore, database queries may be performed during view rendering. Explicitly configure spring.jpa.open-in-view to disable this warning
2018-11-27 10:11:37.661  INFO 11712 --- [main] o.s.b.a.e.web.EndpointLinksResolver      : Exposing 16 endpoint(s) beneath base path '/actuator'
2018-11-27 10:11:37.727  INFO 11712 --- [main] r.SpringBootRestApiCrudApplicationTests  : Started SpringBootRestApiCrudApplicationTests in 5.356 seconds (JVM running for 6.281)
2018-11-27 10:11:37.984  INFO 11712 --- [Thread-5] o.s.s.concurrent.ThreadPoolTaskExecutor  : Shutting down ExecutorService 'applicationTaskExecutor'
2018-11-27 10:11:37.986  INFO 11712 --- [Thread-5] j.LocalContainerEntityManagerFactoryBean : Closing JPA EntityManagerFactory for persistence unit 'default'
2018-11-27 10:11:37.988  INFO 11712 --- [Thread-5] com.zaxxer.hikari.HikariDataSource       : HikariPool-1 - Shutdown initiated...
2018-11-27 10:11:37.991  INFO 11712 --- [Thread-5] com.zaxxer.hikari.HikariDataSource       : HikariPool-1 - Shutdown completed.
2018-11-27 10:11:47.786  INFO 4796 --- [main] r.SpringBootRestApiCrudApplicationTests  : Starting SpringBootRestApiCrudApplicationTests on RXITM144 with PID 4796 (started by aqili in C:\Users\AqilI\Dropbox\New folder\spring-boot-rest-api-crud)
2018-11-27 10:11:47.788  INFO 4796 --- [main] r.SpringBootRestApiCrudApplicationTests  : No active profile set, falling back to default profiles: default
2018-11-27 10:11:48.849  INFO 4796 --- [main] .s.d.r.c.RepositoryConfigurationDelegate : Bootstrapping Spring Data repositories in DEFAULT mode.
2018-11-27 10:11:48.922  INFO 4796 --- [main] .s.d.r.c.RepositoryConfigurationDelegate : Finished Spring Data repository scanning in 62ms. Found 1 repository interfaces.
2018-11-27 10:11:49.321  INFO 4796 --- [main] trationDelegate$BeanPostProcessorChecker : Bean 'org.springframework.transaction.annotation.ProxyTransactionManagementConfiguration' of type [org.springframework.transaction.annotation.ProxyTransactionManagementConfiguration$$EnhancerBySpringCGLIB$$bb5e5a30] is not eligible for getting processed by all BeanPostProcessors (for example: not eligible for auto-proxying)
2018-11-27 10:11:49.534  INFO 4796 --- [main] com.zaxxer.hikari.HikariDataSource       : HikariPool-1 - Starting...
2018-11-27 10:11:49.790  INFO 4796 --- [main] com.zaxxer.hikari.HikariDataSource       : HikariPool-1 - Start completed.
2018-11-27 10:11:49.850  INFO 4796 --- [main] o.hibernate.jpa.internal.util.LogHelper  : HHH000204: Processing PersistenceUnitInfo [
	name: default
	...]
2018-11-27 10:11:49.926  INFO 4796 --- [main] org.hibernate.Version                    : HHH000412: Hibernate Core {5.3.7.Final}
2018-11-27 10:11:49.927  INFO 4796 --- [main] org.hibernate.cfg.Environment            : HHH000206: hibernate.properties not found
2018-11-27 10:11:50.078  INFO 4796 --- [main] o.hibernate.annotations.common.Version   : HCANN000001: Hibernate Commons Annotations {5.0.4.Final}
2018-11-27 10:11:50.336  INFO 4796 --- [main] org.hibernate.dialect.Dialect            : HHH000400: Using dialect: org.hibernate.dialect.MySQL5InnoDBDialect
2018-11-27 10:11:51.118  INFO 4796 --- [main] j.LocalContainerEntityManagerFactoryBean : Initialized JPA EntityManagerFactory for persistence unit 'default'
2018-11-27 10:11:52.105  INFO 4796 --- [main] o.s.s.concurrent.ThreadPoolTaskExecutor  : Initializing ExecutorService 'applicationTaskExecutor'
2018-11-27 10:11:52.161  WARN 4796 --- [main] aWebConfiguration$JpaWebMvcConfiguration : spring.jpa.open-in-view is enabled by default. Therefore, database queries may be performed during view rendering. Explicitly configure spring.jpa.open-in-view to disable this warning
2018-11-27 10:11:53.196  INFO 4796 --- [main] o.s.b.a.e.web.EndpointLinksResolver      : Exposing 16 endpoint(s) beneath base path '/actuator'
2018-11-27 10:11:53.264  INFO 4796 --- [main] r.SpringBootRestApiCrudApplicationTests  : Started SpringBootRestApiCrudApplicationTests in 5.806 seconds (JVM running for 6.713)
2018-11-27 10:11:53.675  INFO 4796 --- [Thread-5] o.s.s.concurrent.ThreadPoolTaskExecutor  : Shutting down ExecutorService 'applicationTaskExecutor'
2018-11-27 10:11:53.677  INFO 4796 --- [Thread-5] j.LocalContainerEntityManagerFactoryBean : Closing JPA EntityManagerFactory for persistence unit 'default'
2018-11-27 10:11:53.679  INFO 4796 --- [Thread-5] com.zaxxer.hikari.HikariDataSource       : HikariPool-1 - Shutdown initiated...
2018-11-27 10:11:53.682  INFO 4796 --- [Thread-5] com.zaxxer.hikari.HikariDataSource       : HikariPool-1 - Shutdown completed.
2018-11-27 10:12:07.688  INFO 14000 --- [main] r.SpringBootRestApiCrudApplicationTests  : Starting SpringBootRestApiCrudApplicationTests on RXITM144 with PID 14000 (started by aqili in C:\Users\AqilI\Dropbox\New folder\spring-boot-rest-api-crud)
2018-11-27 10:12:07.690  INFO 14000 --- [main] r.SpringBootRestApiCrudApplicationTests  : No active profile set, falling back to default profiles: default
2018-11-27 10:12:08.792  INFO 14000 --- [main] .s.d.r.c.RepositoryConfigurationDelegate : Bootstrapping Spring Data repositories in DEFAULT mode.
2018-11-27 10:12:08.868  INFO 14000 --- [main] .s.d.r.c.RepositoryConfigurationDelegate : Finished Spring Data repository scanning in 66ms. Found 1 repository interfaces.
2018-11-27 10:12:09.300  INFO 14000 --- [main] trationDelegate$BeanPostProcessorChecker : Bean 'org.springframework.transaction.annotation.ProxyTransactionManagementConfiguration' of type [org.springframework.transaction.annotation.ProxyTransactionManagementConfiguration$$EnhancerBySpringCGLIB$$dbdf4e9d] is not eligible for getting processed by all BeanPostProcessors (for example: not eligible for auto-proxying)
2018-11-27 10:12:09.570  INFO 14000 --- [main] com.zaxxer.hikari.HikariDataSource       : HikariPool-1 - Starting...
2018-11-27 10:12:09.783  INFO 14000 --- [main] com.zaxxer.hikari.HikariDataSource       : HikariPool-1 - Start completed.
2018-11-27 10:12:09.833  INFO 14000 --- [main] o.hibernate.jpa.internal.util.LogHelper  : HHH000204: Processing PersistenceUnitInfo [
	name: default
	...]
2018-11-27 10:12:09.897  INFO 14000 --- [main] org.hibernate.Version                    : HHH000412: Hibernate Core {5.3.7.Final}
2018-11-27 10:12:09.898  INFO 14000 --- [main] org.hibernate.cfg.Environment            : HHH000206: hibernate.properties not found
2018-11-27 10:12:10.034  INFO 14000 --- [main] o.hibernate.annotations.common.Version   : HCANN000001: Hibernate Commons Annotations {5.0.4.Final}
2018-11-27 10:12:10.213  INFO 14000 --- [main] org.hibernate.dialect.Dialect            : HHH000400: Using dialect: org.hibernate.dialect.MySQL5InnoDBDialect
2018-11-27 10:12:10.869  INFO 14000 --- [main] j.LocalContainerEntityManagerFactoryBean : Initialized JPA EntityManagerFactory for persistence unit 'default'
2018-11-27 10:12:11.782  INFO 14000 --- [main] o.s.s.concurrent.ThreadPoolTaskExecutor  : Initializing ExecutorService 'applicationTaskExecutor'
2018-11-27 10:12:11.845  WARN 14000 --- [main] aWebConfiguration$JpaWebMvcConfiguration : spring.jpa.open-in-view is enabled by default. Therefore, database queries may be performed during view rendering. Explicitly configure spring.jpa.open-in-view to disable this warning
2018-11-27 10:12:12.829  INFO 14000 --- [main] o.s.b.a.e.web.EndpointLinksResolver      : Exposing 16 endpoint(s) beneath base path '/actuator'
2018-11-27 10:12:12.903  INFO 14000 --- [main] r.SpringBootRestApiCrudApplicationTests  : Started SpringBootRestApiCrudApplicationTests in 5.637 seconds (JVM running for 6.64)
2018-11-27 10:12:13.128  INFO 14000 --- [Thread-5] o.s.s.concurrent.ThreadPoolTaskExecutor  : Shutting down ExecutorService 'applicationTaskExecutor'
2018-11-27 10:12:13.129  INFO 14000 --- [Thread-5] j.LocalContainerEntityManagerFactoryBean : Closing JPA EntityManagerFactory for persistence unit 'default'
2018-11-27 10:12:13.131  INFO 14000 --- [Thread-5] com.zaxxer.hikari.HikariDataSource       : HikariPool-1 - Shutdown initiated...
2018-11-27 10:12:13.134  INFO 14000 --- [Thread-5] com.zaxxer.hikari.HikariDataSource       : HikariPool-1 - Shutdown completed.
